生成启动时间为 2018/4/9 19:58:22。
     1>项目“H:\数据结构\dsa\src\bintree\binTree.vcxproj”在节点 2 上(Build 个目标)。
     1>ClCompile:
         C:\编程\vs\VC\bin\CL.exe /c /Zi /nologo /W3 /WX- /O2 /Oi /Oy- /GL /D WIN32 /D NDEBUG /D _CONSOLE /D _UNICODE /D UNICODE /Gm- /EHsc /MD /GS /Gy /fp:precise /Zc:wchar_t /Zc:forScope /Zc:inline /Fo"Release\\" /Fd"Release\vc140.pdb" /Gd /TP /analyze- /errorReport:prompt ..\UniPrint\print_basic.cpp ..\UniPrint\print_HuffChar.cpp main.cpp
         print_basic.cpp
         print_HuffChar.cpp
         main.cpp
     1>h:\数据结构\dsa\src\uniprint\Print_BinTree.h(25): warning C4477: 'printf' : format string '%d' requires an argument of type 'int', but variadic argument 2 has type 'BinTree<T> *'
                 with
                 [
                     T=int
                 ]
         h:\数据结构\dsa\src\bintree\../UniPrint/print.h(34): note: 参见对正在编译的函数 模板 实例化“void UniPrint::p<T>(BinTree<T> &)”的引用
                 with
                 [
                     T=int
                 ]
         main.cpp(37): note: 参见对正在编译的函数 模板 实例化“void print<BinTree<T>>(BinTree<T> &)”的引用
                 with
                 [
                     T=int
                 ]
         main.cpp(63): note: 参见对正在编译的函数 模板 实例化“void testBinTree<int>(int)”的引用
       Link:
         C:\编程\vs\VC\bin\link.exe /ERRORREPORT:PROMPT /OUT:"H:\数据结构\dsa\src\Release\BinTree.exe" /INCREMENTAL:NO /NOLOGO kernel32.lib user32.lib gdi32.lib winspool.lib comdlg32.lib advapi32.lib shell32.lib ole32.lib oleaut32.lib uuid.lib odbc32.lib odbccp32.lib /MANIFEST /MANIFESTUAC:"level='asInvoker' uiAccess='false'" /manifest:embed /Debug /PDB:"H:\数据结构\dsa\src\Release\BinTree.pdb" /SUBSYSTEM:CONSOLE /OPT:REF /OPT:ICF /LTCG:incremental /TLBID:1 /DYNAMICBASE /NXCOMPAT /IMPLIB:"H:\数据结构\dsa\src\Release\BinTree.lib" /MACHINE:X86 /SAFESEH Release\print_basic.obj
         Release\print_HuffChar.obj
         Release\main.obj
         正在生成代码
         All 140 functions were compiled because no usable IPDB/IOBJ from previous compilation was found.
         已完成代码的生成
         binTree.vcxproj -> H:\数据结构\dsa\src\Release\BinTree.exe
     1>已完成生成项目“H:\数据结构\dsa\src\bintree\binTree.vcxproj”(Build 个目标)的操作。

已成功生成。

已用时间 00:00:07.31
