生成启动时间为 2018/4/9 19:57:58。
     1>项目“H:\数据结构\dsa\src\avl\AVL.vcxproj”在节点 2 上(Build 个目标)。
     1>ClCompile:
         C:\编程\vs\VC\bin\CL.exe /c /Zi /nologo /W3 /WX- /O2 /Oi /Oy- /GL /D WIN32 /D NDEBUG /D _CONSOLE /D DSA_AVL /D _UNICODE /D UNICODE /Gm- /EHsc /MD /GS /Gy /fp:precise /Zc:wchar_t /Zc:forScope /Zc:inline /Fo"Release\\" /Fd"Release\vc140.pdb" /Gd /TP /analyze- /errorReport:prompt main.cpp
         main.cpp
     1>h:\数据结构\dsa\src\bintree\BinTree_updateHeight.h(12): error C3861: “max”: 找不到标识符
         h:\数据结构\dsa\src\bintree\BinTree_updateHeight.h(12): note: 编译类 模板 成员函数“int BinTree<T>::updateHeight(BinNode<T> *)”时
                 with
                 [
                     T=int
                 ]
         h:\数据结构\dsa\src\avl\AVL_insert.h(20): note: 参见对正在编译的函数 模板 实例化“int BinTree<T>::updateHeight(BinNode<T> *)”的引用
                 with
                 [
                     T=int
                 ]
         h:\数据结构\dsa\src\uniprint\../BST/BST.h(13): note: 参见对正在编译的类 模板 实例化“BinTree<T>”的引用
                 with
                 [
                     T=int
                 ]
         h:\数据结构\dsa\src\uniprint\../AVL/AVL.h(12): note: 参见对正在编译的类 模板 实例化“BST<T>”的引用
                 with
                 [
                     T=int
                 ]
         main.cpp(18): note: 参见对正在编译的类 模板 实例化“AVL<T>”的引用
                 with
                 [
                     T=int
                 ]
         main.cpp(57): note: 参见对正在编译的函数 模板 实例化“void testAVL<int>(int)”的引用
     1>已完成生成项目“H:\数据结构\dsa\src\avl\AVL.vcxproj”(Build 个目标)的操作 - 失败。

生成失败。

已用时间 00:00:00.68
